{"__type":"$$EventMessageAudit","id":"35ab439b-1c4d-4ea9-b537-d5c4c996d29b","ts":"2026-01-26T23:56:26.168-05:00","eventName":"n8n.audit.user.credentials.updated","message":"n8n.audit.user.credentials.updated","payload":{"userId":"d476de31-e516-4a39-848e-018bdbdf5064","_email":"hobrian2004@gmail.com","_firstName":"brian","_lastName":"ho","globalRole":"global:owner","credentialType":"ollamaApi","credentialId":"Xu77PY21OpgURB9e"}}
{"__type":"$$EventMessageConfirm","confirm":"35ab439b-1c4d-4ea9-b537-d5c4c996d29b","ts":"2026-01-26T23:56:26.168-05:00","source":{"id":"0","name":"eventBus"}}
{"__type":"$$EventMessageAudit","id":"e5b8e0cf-69d9-4cf4-8a87-6af2ad0a560b","ts":"2026-01-26T23:56:48.740-05:00","eventName":"n8n.audit.workflow.created","message":"n8n.audit.workflow.created","payload":{"userId":"d476de31-e516-4a39-848e-018bdbdf5064","_email":"hobrian2004@gmail.com","_firstName":"brian","_lastName":"ho","globalRole":"global:owner","workflowId":"2DNczOGm2yi_P-H2SgFbd","workflowName":"My workflow 2"}}
{"__type":"$$EventMessageConfirm","confirm":"e5b8e0cf-69d9-4cf4-8a87-6af2ad0a560b","ts":"2026-01-26T23:56:48.740-05:00","source":{"id":"0","name":"eventBus"}}
{"__type":"$$EventMessageAudit","id":"b54e877c-8a0b-4283-bc07-51a44f8df27b","ts":"2026-01-26T23:56:53.982-05:00","eventName":"n8n.audit.workflow.updated","message":"n8n.audit.workflow.updated","payload":{"userId":"d476de31-e516-4a39-848e-018bdbdf5064","_email":"hobrian2004@gmail.com","_firstName":"brian","_lastName":"ho","globalRole":"global:owner","workflowId":"2DNczOGm2yi_P-H2SgFbd","workflowName":"My workflow 2"}}
{"__type":"$$EventMessageConfirm","confirm":"b54e877c-8a0b-4283-bc07-51a44f8df27b","ts":"2026-01-26T23:56:53.982-05:00","source":{"id":"0","name":"eventBus"}}
{"__type":"$$EventMessageAudit","id":"14910442-5efd-4551-af42-ab951a94cc69","ts":"2026-01-26T23:57:06.208-05:00","eventName":"n8n.audit.workflow.updated","message":"n8n.audit.workflow.updated","payload":{"userId":"d476de31-e516-4a39-848e-018bdbdf5064","_email":"hobrian2004@gmail.com","_firstName":"brian","_lastName":"ho","globalRole":"global:owner","workflowId":"2DNczOGm2yi_P-H2SgFbd","workflowName":"My workflow 2"}}
{"__type":"$$EventMessageConfirm","confirm":"14910442-5efd-4551-af42-ab951a94cc69","ts":"2026-01-26T23:57:06.208-05:00","source":{"id":"0","name":"eventBus"}}
{"__type":"$$EventMessageAudit","id":"dc67522f-76a3-4378-910c-0a09bd70cae0","ts":"2026-01-26T23:57:13.516-05:00","eventName":"n8n.audit.workflow.updated","message":"n8n.audit.workflow.updated","payload":{"userId":"d476de31-e516-4a39-848e-018bdbdf5064","_email":"hobrian2004@gmail.com","_firstName":"brian","_lastName":"ho","globalRole":"global:owner","workflowId":"2DNczOGm2yi_P-H2SgFbd","workflowName":"My workflow 2"}}
{"__type":"$$EventMessageConfirm","confirm":"dc67522f-76a3-4378-910c-0a09bd70cae0","ts":"2026-01-26T23:57:13.516-05:00","source":{"id":"0","name":"eventBus"}}
{"__type":"$$EventMessageAudit","id":"41a9ff8a-54c8-4ebf-bd53-cece05b5a61a","ts":"2026-01-26T23:57:32.976-05:00","eventName":"n8n.audit.workflow.updated","message":"n8n.audit.workflow.updated","payload":{"userId":"d476de31-e516-4a39-848e-018bdbdf5064","_email":"hobrian2004@gmail.com","_firstName":"brian","_lastName":"ho","globalRole":"global:owner","workflowId":"2DNczOGm2yi_P-H2SgFbd","workflowName":"My workflow 2"}}
{"__type":"$$EventMessageConfirm","confirm":"41a9ff8a-54c8-4ebf-bd53-cece05b5a61a","ts":"2026-01-26T23:57:32.976-05:00","source":{"id":"0","name":"eventBus"}}
{"__type":"$$EventMessageAudit","id":"89b392fd-45e5-4098-b8d8-eb3825470719","ts":"2026-01-26T23:57:48.503-05:00","eventName":"n8n.audit.workflow.updated","message":"n8n.audit.workflow.updated","payload":{"userId":"d476de31-e516-4a39-848e-018bdbdf5064","_email":"hobrian2004@gmail.com","_firstName":"brian","_lastName":"ho","globalRole":"global:owner","workflowId":"2DNczOGm2yi_P-H2SgFbd","workflowName":"My workflow 2"}}
{"__type":"$$EventMessageConfirm","confirm":"89b392fd-45e5-4098-b8d8-eb3825470719","ts":"2026-01-26T23:57:48.503-05:00","source":{"id":"0","name":"eventBus"}}
{"__type":"$$EventMessageAudit","id":"04e7206f-f825-4f00-8c3a-f40c3e4d2111","ts":"2026-01-26T23:57:53.442-05:00","eventName":"n8n.audit.workflow.updated","message":"n8n.audit.workflow.updated","payload":{"userId":"d476de31-e516-4a39-848e-018bdbdf5064","_email":"hobrian2004@gmail.com","_firstName":"brian","_lastName":"ho","globalRole":"global:owner","workflowId":"2DNczOGm2yi_P-H2SgFbd","workflowName":"My workflow 2"}}
{"__type":"$$EventMessageConfirm","confirm":"04e7206f-f825-4f00-8c3a-f40c3e4d2111","ts":"2026-01-26T23:57:53.442-05:00","source":{"id":"0","name":"eventBus"}}
{"__type":"$$EventMessageAudit","id":"768e1363-6b41-4dbf-beba-c78288628c13","ts":"2026-01-26T23:58:01.841-05:00","eventName":"n8n.audit.workflow.updated","message":"n8n.audit.workflow.updated","payload":{"userId":"d476de31-e516-4a39-848e-018bdbdf5064","_email":"hobrian2004@gmail.com","_firstName":"brian","_lastName":"ho","globalRole":"global:owner","workflowId":"2DNczOGm2yi_P-H2SgFbd","workflowName":"My workflow 2"}}
{"__type":"$$EventMessageConfirm","confirm":"768e1363-6b41-4dbf-beba-c78288628c13","ts":"2026-01-26T23:58:01.841-05:00","source":{"id":"0","name":"eventBus"}}
{"__type":"$$EventMessageAudit","id":"46707121-4110-45c6-8dca-7e2b29f962f4","ts":"2026-01-26T23:58:09.274-05:00","eventName":"n8n.audit.workflow.updated","message":"n8n.audit.workflow.updated","payload":{"userId":"d476de31-e516-4a39-848e-018bdbdf5064","_email":"hobrian2004@gmail.com","_firstName":"brian","_lastName":"ho","globalRole":"global:owner","workflowId":"2DNczOGm2yi_P-H2SgFbd","workflowName":"My workflow 2"}}
{"__type":"$$EventMessageConfirm","confirm":"46707121-4110-45c6-8dca-7e2b29f962f4","ts":"2026-01-26T23:58:09.274-05:00","source":{"id":"0","name":"eventBus"}}
{"__type":"$$EventMessageAudit","id":"eaa8314f-14d4-470f-8443-938aabca2a26","ts":"2026-01-26T23:58:15.845-05:00","eventName":"n8n.audit.workflow.updated","message":"n8n.audit.workflow.updated","payload":{"userId":"d476de31-e516-4a39-848e-018bdbdf5064","_email":"hobrian2004@gmail.com","_firstName":"brian","_lastName":"ho","globalRole":"global:owner","workflowId":"2DNczOGm2yi_P-H2SgFbd","workflowName":"My workflow 2"}}
{"__type":"$$EventMessageConfirm","confirm":"eaa8314f-14d4-470f-8443-938aabca2a26","ts":"2026-01-26T23:58:15.845-05:00","source":{"id":"0","name":"eventBus"}}
{"__type":"$$EventMessageAudit","id":"da5085d6-8ee5-4a0a-8a22-ce860b940568","ts":"2026-01-26T23:58:24.685-05:00","eventName":"n8n.audit.workflow.created","message":"n8n.audit.workflow.created","payload":{"userId":"d476de31-e516-4a39-848e-018bdbdf5064","_email":"hobrian2004@gmail.com","_firstName":"brian","_lastName":"ho","globalRole":"global:owner","workflowId":"XuS5RcGpaWmIsFYp","workflowName":"My Sub-Workflow 1"}}
{"__type":"$$EventMessageConfirm","confirm":"da5085d6-8ee5-4a0a-8a22-ce860b940568","ts":"2026-01-26T23:58:24.685-05:00","source":{"id":"0","name":"eventBus"}}
{"__type":"$$EventMessageAudit","id":"48cf6d29-1657-4d23-84b0-f0e9cccfe71e","ts":"2026-01-26T23:58:27.168-05:00","eventName":"n8n.audit.workflow.updated","message":"n8n.audit.workflow.updated","payload":{"userId":"d476de31-e516-4a39-848e-018bdbdf5064","_email":"hobrian2004@gmail.com","_firstName":"brian","_lastName":"ho","globalRole":"global:owner","workflowId":"2DNczOGm2yi_P-H2SgFbd","workflowName":"My workflow 2"}}
{"__type":"$$EventMessageConfirm","confirm":"48cf6d29-1657-4d23-84b0-f0e9cccfe71e","ts":"2026-01-26T23:58:27.168-05:00","source":{"id":"0","name":"eventBus"}}
{"__type":"$$EventMessageAudit","id":"b7069835-e9cf-4725-8e25-1ed551df489c","ts":"2026-01-26T23:58:33.640-05:00","eventName":"n8n.audit.workflow.updated","message":"n8n.audit.workflow.updated","payload":{"userId":"d476de31-e516-4a39-848e-018bdbdf5064","_email":"hobrian2004@gmail.com","_firstName":"brian","_lastName":"ho","globalRole":"global:owner","workflowId":"XuS5RcGpaWmIsFYp","workflowName":"My Sub-Workflow 1"}}
{"__type":"$$EventMessageConfirm","confirm":"b7069835-e9cf-4725-8e25-1ed551df489c","ts":"2026-01-26T23:58:33.640-05:00","source":{"id":"0","name":"eventBus"}}
{"__type":"$$EventMessageAudit","id":"4c2fa213-3826-411d-9e28-4301008c1316","ts":"2026-01-26T23:58:41.952-05:00","eventName":"n8n.audit.workflow.updated","message":"n8n.audit.workflow.updated","payload":{"userId":"d476de31-e516-4a39-848e-018bdbdf5064","_email":"hobrian2004@gmail.com","_firstName":"brian","_lastName":"ho","globalRole":"global:owner","workflowId":"XuS5RcGpaWmIsFYp","workflowName":"My Sub-Workflow 1"}}
{"__type":"$$EventMessageConfirm","confirm":"4c2fa213-3826-411d-9e28-4301008c1316","ts":"2026-01-26T23:58:41.952-05:00","source":{"id":"0","name":"eventBus"}}
{"__type":"$$EventMessageAudit","id":"a15e9899-953b-4e14-ab92-7a0b42546ba6","ts":"2026-01-26T23:58:46.666-05:00","eventName":"n8n.audit.workflow.updated","message":"n8n.audit.workflow.updated","payload":{"userId":"d476de31-e516-4a39-848e-018bdbdf5064","_email":"hobrian2004@gmail.com","_firstName":"brian","_lastName":"ho","globalRole":"global:owner","workflowId":"XuS5RcGpaWmIsFYp","workflowName":"My Sub-Workflow 1"}}
{"__type":"$$EventMessageConfirm","confirm":"a15e9899-953b-4e14-ab92-7a0b42546ba6","ts":"2026-01-26T23:58:46.667-05:00","source":{"id":"0","name":"eventBus"}}
{"__type":"$$EventMessageAudit","id":"aff59b4f-c995-4dc1-9080-13e5e9b33af9","ts":"2026-01-26T23:58:53.514-05:00","eventName":"n8n.audit.workflow.updated","message":"n8n.audit.workflow.updated","payload":{"userId":"d476de31-e516-4a39-848e-018bdbdf5064","_email":"hobrian2004@gmail.com","_firstName":"brian","_lastName":"ho","globalRole":"global:owner","workflowId":"XuS5RcGpaWmIsFYp","workflowName":"My Sub-Workflow 1"}}
{"__type":"$$EventMessageConfirm","confirm":"aff59b4f-c995-4dc1-9080-13e5e9b33af9","ts":"2026-01-26T23:58:53.514-05:00","source":{"id":"0","name":"eventBus"}}
{"__type":"$$EventMessageAudit","id":"2598adc8-4bff-4663-9c8f-694cd2a4a12a","ts":"2026-01-27T00:05:51.544-05:00","eventName":"n8n.audit.workflow.updated","message":"n8n.audit.workflow.updated","payload":{"userId":"d476de31-e516-4a39-848e-018bdbdf5064","_email":"hobrian2004@gmail.com","_firstName":"brian","_lastName":"ho","globalRole":"global:owner","workflowId":"2DNczOGm2yi_P-H2SgFbd","workflowName":"My workflow 2"}}
{"__type":"$$EventMessageConfirm","confirm":"2598adc8-4bff-4663-9c8f-694cd2a4a12a","ts":"2026-01-27T00:05:51.544-05:00","source":{"id":"0","name":"eventBus"}}
{"__type":"$$EventMessageAudit","id":"e42eb91d-f5e8-4333-8018-ad28cc0bf18e","ts":"2026-01-27T00:05:55.544-05:00","eventName":"n8n.audit.workflow.updated","message":"n8n.audit.workflow.updated","payload":{"userId":"d476de31-e516-4a39-848e-018bdbdf5064","_email":"hobrian2004@gmail.com","_firstName":"brian","_lastName":"ho","globalRole":"global:owner","workflowId":"2DNczOGm2yi_P-H2SgFbd","workflowName":"My workflow 2"}}
{"__type":"$$EventMessageConfirm","confirm":"e42eb91d-f5e8-4333-8018-ad28cc0bf18e","ts":"2026-01-27T00:05:55.544-05:00","source":{"id":"0","name":"eventBus"}}
{"__type":"$$EventMessageAudit","id":"edfce9a7-cdea-4466-a7b5-2f3deac22ff7","ts":"2026-01-27T00:21:04.679-05:00","eventName":"n8n.audit.workflow.archived","message":"n8n.audit.workflow.archived","payload":{"userId":"d476de31-e516-4a39-848e-018bdbdf5064","_email":"hobrian2004@gmail.com","_firstName":"brian","_lastName":"ho","globalRole":"global:owner","workflowId":"2DNczOGm2yi_P-H2SgFbd"}}
{"__type":"$$EventMessageConfirm","confirm":"edfce9a7-cdea-4466-a7b5-2f3deac22ff7","ts":"2026-01-27T00:21:04.679-05:00","source":{"id":"0","name":"eventBus"}}
{"__type":"$$EventMessageAudit","id":"08e242d8-5385-4378-a281-9489ff534bfa","ts":"2026-01-27T00:21:06.504-05:00","eventName":"n8n.audit.workflow.archived","message":"n8n.audit.workflow.archived","payload":{"userId":"d476de31-e516-4a39-848e-018bdbdf5064","_email":"hobrian2004@gmail.com","_firstName":"brian","_lastName":"ho","globalRole":"global:owner","workflowId":"XuS5RcGpaWmIsFYp"}}
{"__type":"$$EventMessageConfirm","confirm":"08e242d8-5385-4378-a281-9489ff534bfa","ts":"2026-01-27T00:21:06.504-05:00","source":{"id":"0","name":"eventBus"}}
{"__type":"$$EventMessageAudit","id":"30cb64c7-01ae-4f88-98aa-c94e3eb363af","ts":"2026-01-27T00:30:31.037-05:00","eventName":"n8n.audit.workflow.created","message":"n8n.audit.workflow.created","payload":{"userId":"d476de31-e516-4a39-848e-018bdbdf5064","_email":"hobrian2004@gmail.com","_firstName":"brian","_lastName":"ho","globalRole":"global:owner","workflowId":"rFqWYl8YQjujoPrH9Dm3W","workflowName":"My workflow 3"}}
{"__type":"$$EventMessageConfirm","confirm":"30cb64c7-01ae-4f88-98aa-c94e3eb363af","ts":"2026-01-27T00:30:31.037-05:00","source":{"id":"0","name":"eventBus"}}
